2013/11/12 16:38:58 [error] [exception.CException] exception 'CException' with message 'El alias "bootstrap.widgets.TbNavbar" es inválido. Asegúrese de que apunta a un archivo PHP existente y que el archivo tiene permisos de lectura.' in /usr/share/yii-framework/framework/YiiBase.php:322
Stack trace:
#0 /usr/share/yii-framework/framework/web/CWidgetFactory.php(146): YiiBase::import('bootstrap.widge...', true)
#1 /usr/share/yii-framework/framework/web/CBaseController.php(146): CWidgetFactory->createWidget(Object(SiteController), 'bootstrap.widge...', Array)
#2 /usr/share/yii-framework/framework/web/CBaseController.php(172): CBaseController->createWidget('bootstrap.widge...', Array)
#3 /home/lalviarez/Proyectos/SAAR/protected/views/layouts/main.php(77): CBaseController->widget('bootstrap.widge...', Array)
#4 /usr/share/yii-framework/framework/web/CBaseController.php(126): require('/home/lalviarez...')
#5 /usr/share/yii-framework/framework/web/CBaseController.php(95): CBaseController->renderInternal('/home/lalviarez...', Array, true)
#6 /usr/share/yii-framework/framework/web/widgets/CContentDecorator.php(76): CBaseController->renderFile('/home/lalviarez...', Array, true)
#7 /usr/share/yii-framework/framework/web/widgets/CContentDecorator.php(54): CContentDecorator->decorate('<div id="conten...')
#8 /usr/share/yii-framework/framework/web/widgets/COutputProcessor.php(44): CContentDecorator->processOutput('<div id="conten...')
#9 /usr/share/yii-framework/framework/web/CBaseController.php(206): COutputProcessor->run()
#10 /usr/share/yii-framework/framework/web/CBaseController.php(300): CBaseController->endWidget('CContentDecorat...')
#11 /home/lalviarez/Proyectos/SAAR/protected/views/layouts/column1.php(6): CBaseController->endContent()
#12 /usr/share/yii-framework/framework/web/CBaseController.php(126): require('/home/lalviarez...')
#13 /usr/share/yii-framework/framework/web/CBaseController.php(95): CBaseController->renderInternal('/home/lalviarez...', Array, true)
#14 /usr/share/yii-framework/framework/web/CController.php(784): CBaseController->renderFile('/home/lalviarez...', Array, true)
#15 /home/lalviarez/Proyectos/SAAR/protected/controllers/SiteController.php(98): CController->render('login', Array)
#16 /usr/share/yii-framework/framework/web/actions/CInlineAction.php(49): SiteController->actionLogin()
#17 /usr/share/yii-framework/framework/web/CController.php(308): CInlineAction->runWithParams(Array)
#18 /usr/share/yii-framework/framework/web/CController.php(286): CController->runAction(Object(CInlineAction))
#19 /usr/share/yii-framework/framework/web/CController.php(265): CController->runActionWithFilters(Object(CInlineAction), Array)
#20 /usr/share/yii-framework/framework/web/CWebApplication.php(282): CController->run('login')
#21 /usr/share/yii-framework/framework/web/CWebApplication.php(141): CWebApplication->runController('site/login')
#22 /usr/share/yii-framework/framework/base/CApplication.php(180): CWebApplication->processRequest()
#23 /home/lalviarez/Proyectos/SAAR/index.php(13): CApplication->run()
#24 {main}
REQUEST_URI=/saar/index.php?r=site/login
---
2013/11/13 08:16:34 [error] [exception.CException] exception 'CException' with message 'La propiedad "CWebApplication"."bootstrap" no se encuentra definida.' in /usr/share/yii-framework/framework/base/CComponent.php:130
Stack trace:
#0 /usr/share/yii-framework/framework/base/CModule.php(105): CComponent->__get('bootstrap')
#1 /home/lalviarez/Proyectos/SAAR/protected/views/layouts/main.php(18): CModule->__get('bootstrap')
#2 /usr/share/yii-framework/framework/web/CBaseController.php(126): require('/home/lalviarez...')
#3 /usr/share/yii-framework/framework/web/CBaseController.php(95): CBaseController->renderInternal('/home/lalviarez...', Array, true)
#4 /usr/share/yii-framework/framework/web/widgets/CContentDecorator.php(76): CBaseController->renderFile('/home/lalviarez...', Array, true)
#5 /usr/share/yii-framework/framework/web/widgets/CContentDecorator.php(54): CContentDecorator->decorate('<div id="conten...')
#6 /usr/share/yii-framework/framework/web/widgets/COutputProcessor.php(44): CContentDecorator->processOutput('<div id="conten...')
#7 /usr/share/yii-framework/framework/web/CBaseController.php(206): COutputProcessor->run()
#8 /usr/share/yii-framework/framework/web/CBaseController.php(300): CBaseController->endWidget('CContentDecorat...')
#9 /home/lalviarez/Proyectos/SAAR/protected/views/layouts/column1.php(6): CBaseController->endContent()
#10 /usr/share/yii-framework/framework/web/CBaseController.php(126): require('/home/lalviarez...')
#11 /usr/share/yii-framework/framework/web/CBaseController.php(95): CBaseController->renderInternal('/home/lalviarez...', Array, true)
#12 /usr/share/yii-framework/framework/web/CController.php(784): CBaseController->renderFile('/home/lalviarez...', Array, true)
#13 /home/lalviarez/Proyectos/SAAR/protected/controllers/SiteController.php(98): CController->render('login', Array)
#14 /usr/share/yii-framework/framework/web/actions/CInlineAction.php(49): SiteController->actionLogin()
#15 /usr/share/yii-framework/framework/web/CController.php(308): CInlineAction->runWithParams(Array)
#16 /usr/share/yii-framework/framework/web/CController.php(286): CController->runAction(Object(CInlineAction))
#17 /usr/share/yii-framework/framework/web/CController.php(265): CController->runActionWithFilters(Object(CInlineAction), Array)
#18 /usr/share/yii-framework/framework/web/CWebApplication.php(282): CController->run('login')
#19 /usr/share/yii-framework/framework/web/CWebApplication.php(141): CWebApplication->runController('site/login')
#20 /usr/share/yii-framework/framework/base/CApplication.php(180): CWebApplication->processRequest()
#21 /home/lalviarez/Proyectos/SAAR/index.php(13): CApplication->run()
#22 {main}
REQUEST_URI=/saar/index.php?r=site/login
---
2013/11/13 08:22:00 [error] [exception.CException] exception 'CException' with message 'La propiedad "CWebApplication"."bootstrap" no se encuentra definida.' in /usr/share/yii-framework/framework/base/CComponent.php:130
Stack trace:
#0 /usr/share/yii-framework/framework/base/CModule.php(105): CComponent->__get('bootstrap')
#1 /home/lalviarez/Proyectos/SAAR/protected/views/layouts/main.php(18): CModule->__get('bootstrap')
#2 /usr/share/yii-framework/framework/web/CBaseController.php(126): require('/home/lalviarez...')
#3 /usr/share/yii-framework/framework/web/CBaseController.php(95): CBaseController->renderInternal('/home/lalviarez...', Array, true)
#4 /usr/share/yii-framework/framework/web/widgets/CContentDecorator.php(76): CBaseController->renderFile('/home/lalviarez...', Array, true)
#5 /usr/share/yii-framework/framework/web/widgets/CContentDecorator.php(54): CContentDecorator->decorate('<div id="conten...')
#6 /usr/share/yii-framework/framework/web/widgets/COutputProcessor.php(44): CContentDecorator->processOutput('<div id="conten...')
#7 /usr/share/yii-framework/framework/web/CBaseController.php(206): COutputProcessor->run()
#8 /usr/share/yii-framework/framework/web/CBaseController.php(300): CBaseController->endWidget('CContentDecorat...')
#9 /home/lalviarez/Proyectos/SAAR/protected/views/layouts/column1.php(6): CBaseController->endContent()
#10 /usr/share/yii-framework/framework/web/CBaseController.php(126): require('/home/lalviarez...')
#11 /usr/share/yii-framework/framework/web/CBaseController.php(95): CBaseController->renderInternal('/home/lalviarez...', Array, true)
#12 /usr/share/yii-framework/framework/web/CController.php(784): CBaseController->renderFile('/home/lalviarez...', Array, true)
#13 /home/lalviarez/Proyectos/SAAR/protected/controllers/SiteController.php(98): CController->render('login', Array)
#14 /usr/share/yii-framework/framework/web/actions/CInlineAction.php(49): SiteController->actionLogin()
#15 /usr/share/yii-framework/framework/web/CController.php(308): CInlineAction->runWithParams(Array)
#16 /usr/share/yii-framework/framework/web/CController.php(286): CController->runAction(Object(CInlineAction))
#17 /usr/share/yii-framework/framework/web/CController.php(265): CController->runActionWithFilters(Object(CInlineAction), Array)
#18 /usr/share/yii-framework/framework/web/CWebApplication.php(282): CController->run('login')
#19 /usr/share/yii-framework/framework/web/CWebApplication.php(141): CWebApplication->runController('site/login')
#20 /usr/share/yii-framework/framework/base/CApplication.php(180): CWebApplication->processRequest()
#21 /home/lalviarez/Proyectos/SAAR/index.php(13): CApplication->run()
#22 {main}
REQUEST_URI=/saar/index.php?r=site/login
---
2013/11/13 08:22:02 [error] [exception.CException] exception 'CException' with message 'La propiedad "CWebApplication"."bootstrap" no se encuentra definida.' in /usr/share/yii-framework/framework/base/CComponent.php:130
Stack trace:
#0 /usr/share/yii-framework/framework/base/CModule.php(105): CComponent->__get('bootstrap')
#1 /home/lalviarez/Proyectos/SAAR/protected/views/layouts/main.php(18): CModule->__get('bootstrap')
#2 /usr/share/yii-framework/framework/web/CBaseController.php(126): require('/home/lalviarez...')
#3 /usr/share/yii-framework/framework/web/CBaseController.php(95): CBaseController->renderInternal('/home/lalviarez...', Array, true)
#4 /usr/share/yii-framework/framework/web/widgets/CContentDecorator.php(76): CBaseController->renderFile('/home/lalviarez...', Array, true)
#5 /usr/share/yii-framework/framework/web/widgets/CContentDecorator.php(54): CContentDecorator->decorate('<div id="conten...')
#6 /usr/share/yii-framework/framework/web/widgets/COutputProcessor.php(44): CContentDecorator->processOutput('<div id="conten...')
#7 /usr/share/yii-framework/framework/web/CBaseController.php(206): COutputProcessor->run()
#8 /usr/share/yii-framework/framework/web/CBaseController.php(300): CBaseController->endWidget('CContentDecorat...')
#9 /home/lalviarez/Proyectos/SAAR/protected/views/layouts/column1.php(6): CBaseController->endContent()
#10 /usr/share/yii-framework/framework/web/CBaseController.php(126): require('/home/lalviarez...')
#11 /usr/share/yii-framework/framework/web/CBaseController.php(95): CBaseController->renderInternal('/home/lalviarez...', Array, true)
#12 /usr/share/yii-framework/framework/web/CController.php(784): CBaseController->renderFile('/home/lalviarez...', Array, true)
#13 /home/lalviarez/Proyectos/SAAR/protected/controllers/SiteController.php(98): CController->render('login', Array)
#14 /usr/share/yii-framework/framework/web/actions/CInlineAction.php(49): SiteController->actionLogin()
#15 /usr/share/yii-framework/framework/web/CController.php(308): CInlineAction->runWithParams(Array)
#16 /usr/share/yii-framework/framework/web/CController.php(286): CController->runAction(Object(CInlineAction))
#17 /usr/share/yii-framework/framework/web/CController.php(265): CController->runActionWithFilters(Object(CInlineAction), Array)
#18 /usr/share/yii-framework/framework/web/CWebApplication.php(282): CController->run('login')
#19 /usr/share/yii-framework/framework/web/CWebApplication.php(141): CWebApplication->runController('site/login')
#20 /usr/share/yii-framework/framework/base/CApplication.php(180): CWebApplication->processRequest()
#21 /home/lalviarez/Proyectos/SAAR/index.php(13): CApplication->run()
#22 {main}
REQUEST_URI=/saar/index.php?r=site/login
---
2013/11/13 08:22:03 [error] [exception.CException] exception 'CException' with message 'La propiedad "CWebApplication"."bootstrap" no se encuentra definida.' in /usr/share/yii-framework/framework/base/CComponent.php:130
Stack trace:
#0 /usr/share/yii-framework/framework/base/CModule.php(105): CComponent->__get('bootstrap')
#1 /home/lalviarez/Proyectos/SAAR/protected/views/layouts/main.php(18): CModule->__get('bootstrap')
#2 /usr/share/yii-framework/framework/web/CBaseController.php(126): require('/home/lalviarez...')
#3 /usr/share/yii-framework/framework/web/CBaseController.php(95): CBaseController->renderInternal('/home/lalviarez...', Array, true)
#4 /usr/share/yii-framework/framework/web/widgets/CContentDecorator.php(76): CBaseController->renderFile('/home/lalviarez...', Array, true)
#5 /usr/share/yii-framework/framework/web/widgets/CContentDecorator.php(54): CContentDecorator->decorate('<div id="conten...')
#6 /usr/share/yii-framework/framework/web/widgets/COutputProcessor.php(44): CContentDecorator->processOutput('<div id="conten...')
#7 /usr/share/yii-framework/framework/web/CBaseController.php(206): COutputProcessor->run()
#8 /usr/share/yii-framework/framework/web/CBaseController.php(300): CBaseController->endWidget('CContentDecorat...')
#9 /home/lalviarez/Proyectos/SAAR/protected/views/layouts/column1.php(6): CBaseController->endContent()
#10 /usr/share/yii-framework/framework/web/CBaseController.php(126): require('/home/lalviarez...')
#11 /usr/share/yii-framework/framework/web/CBaseController.php(95): CBaseController->renderInternal('/home/lalviarez...', Array, true)
#12 /usr/share/yii-framework/framework/web/CController.php(784): CBaseController->renderFile('/home/lalviarez...', Array, true)
#13 /home/lalviarez/Proyectos/SAAR/protected/controllers/SiteController.php(98): CController->render('login', Array)
#14 /usr/share/yii-framework/framework/web/actions/CInlineAction.php(49): SiteController->actionLogin()
#15 /usr/share/yii-framework/framework/web/CController.php(308): CInlineAction->runWithParams(Array)
#16 /usr/share/yii-framework/framework/web/CController.php(286): CController->runAction(Object(CInlineAction))
#17 /usr/share/yii-framework/framework/web/CController.php(265): CController->runActionWithFilters(Object(CInlineAction), Array)
#18 /usr/share/yii-framework/framework/web/CWebApplication.php(282): CController->run('login')
#19 /usr/share/yii-framework/framework/web/CWebApplication.php(141): CWebApplication->runController('site/login')
#20 /usr/share/yii-framework/framework/base/CApplication.php(180): CWebApplication->processRequest()
#21 /home/lalviarez/Proyectos/SAAR/index.php(13): CApplication->run()
#22 {main}
REQUEST_URI=/saar/index.php?r=site/login
---
2013/11/13 08:22:17 [error] [exception.CException] exception 'CException' with message 'La propiedad "CWebApplication"."bootstrap" no se encuentra definida.' in /usr/share/yii-framework/framework/base/CComponent.php:130
Stack trace:
#0 /usr/share/yii-framework/framework/base/CModule.php(105): CComponent->__get('bootstrap')
#1 /home/lalviarez/Proyectos/SAAR/protected/views/layouts/main.php(18): CModule->__get('bootstrap')
#2 /usr/share/yii-framework/framework/web/CBaseController.php(126): require('/home/lalviarez...')
#3 /usr/share/yii-framework/framework/web/CBaseController.php(95): CBaseController->renderInternal('/home/lalviarez...', Array, true)
#4 /usr/share/yii-framework/framework/web/widgets/CContentDecorator.php(76): CBaseController->renderFile('/home/lalviarez...', Array, true)
#5 /usr/share/yii-framework/framework/web/widgets/CContentDecorator.php(54): CContentDecorator->decorate('<div id="conten...')
#6 /usr/share/yii-framework/framework/web/widgets/COutputProcessor.php(44): CContentDecorator->processOutput('<div id="conten...')
#7 /usr/share/yii-framework/framework/web/CBaseController.php(206): COutputProcessor->run()
#8 /usr/share/yii-framework/framework/web/CBaseController.php(300): CBaseController->endWidget('CContentDecorat...')
#9 /home/lalviarez/Proyectos/SAAR/protected/views/layouts/column1.php(6): CBaseController->endContent()
#10 /usr/share/yii-framework/framework/web/CBaseController.php(126): require('/home/lalviarez...')
#11 /usr/share/yii-framework/framework/web/CBaseController.php(95): CBaseController->renderInternal('/home/lalviarez...', Array, true)
#12 /usr/share/yii-framework/framework/web/CController.php(784): CBaseController->renderFile('/home/lalviarez...', Array, true)
#13 /home/lalviarez/Proyectos/SAAR/protected/controllers/SiteController.php(98): CController->render('login', Array)
#14 /usr/share/yii-framework/framework/web/actions/CInlineAction.php(49): SiteController->actionLogin()
#15 /usr/share/yii-framework/framework/web/CController.php(308): CInlineAction->runWithParams(Array)
#16 /usr/share/yii-framework/framework/web/CController.php(286): CController->runAction(Object(CInlineAction))
#17 /usr/share/yii-framework/framework/web/CController.php(265): CController->runActionWithFilters(Object(CInlineAction), Array)
#18 /usr/share/yii-framework/framework/web/CWebApplication.php(282): CController->run('login')
#19 /usr/share/yii-framework/framework/web/CWebApplication.php(141): CWebApplication->runController('site/login')
#20 /usr/share/yii-framework/framework/base/CApplication.php(180): CWebApplication->processRequest()
#21 /home/lalviarez/Proyectos/SAAR/index.php(13): CApplication->run()
#22 {main}
REQUEST_URI=/saar/index.php?r=site/login
---
2013/11/13 08:22:19 [error] [exception.CException] exception 'CException' with message 'La propiedad "CWebApplication"."bootstrap" no se encuentra definida.' in /usr/share/yii-framework/framework/base/CComponent.php:130
Stack trace:
#0 /usr/share/yii-framework/framework/base/CModule.php(105): CComponent->__get('bootstrap')
#1 /home/lalviarez/Proyectos/SAAR/protected/views/layouts/main.php(18): CModule->__get('bootstrap')
#2 /usr/share/yii-framework/framework/web/CBaseController.php(126): require('/home/lalviarez...')
#3 /usr/share/yii-framework/framework/web/CBaseController.php(95): CBaseController->renderInternal('/home/lalviarez...', Array, true)
#4 /usr/share/yii-framework/framework/web/widgets/CContentDecorator.php(76): CBaseController->renderFile('/home/lalviarez...', Array, true)
#5 /usr/share/yii-framework/framework/web/widgets/CContentDecorator.php(54): CContentDecorator->decorate('<div id="conten...')
#6 /usr/share/yii-framework/framework/web/widgets/COutputProcessor.php(44): CContentDecorator->processOutput('<div id="conten...')
#7 /usr/share/yii-framework/framework/web/CBaseController.php(206): COutputProcessor->run()
#8 /usr/share/yii-framework/framework/web/CBaseController.php(300): CBaseController->endWidget('CContentDecorat...')
#9 /home/lalviarez/Proyectos/SAAR/protected/views/layouts/column1.php(6): CBaseController->endContent()
#10 /usr/share/yii-framework/framework/web/CBaseController.php(126): require('/home/lalviarez...')
#11 /usr/share/yii-framework/framework/web/CBaseController.php(95): CBaseController->renderInternal('/home/lalviarez...', Array, true)
#12 /usr/share/yii-framework/framework/web/CController.php(784): CBaseController->renderFile('/home/lalviarez...', Array, true)
#13 /home/lalviarez/Proyectos/SAAR/protected/controllers/SiteController.php(98): CController->render('login', Array)
#14 /usr/share/yii-framework/framework/web/actions/CInlineAction.php(49): SiteController->actionLogin()
#15 /usr/share/yii-framework/framework/web/CController.php(308): CInlineAction->runWithParams(Array)
#16 /usr/share/yii-framework/framework/web/CController.php(286): CController->runAction(Object(CInlineAction))
#17 /usr/share/yii-framework/framework/web/CController.php(265): CController->runActionWithFilters(Object(CInlineAction), Array)
#18 /usr/share/yii-framework/framework/web/CWebApplication.php(282): CController->run('login')
#19 /usr/share/yii-framework/framework/web/CWebApplication.php(141): CWebApplication->runController('site/login')
#20 /usr/share/yii-framework/framework/base/CApplication.php(180): CWebApplication->processRequest()
#21 /home/lalviarez/Proyectos/SAAR/index.php(13): CApplication->run()
#22 {main}
REQUEST_URI=/saar/index.php?r=site/login
---
2013/11/13 08:22:21 [error] [exception.CException] exception 'CException' with message 'La propiedad "CWebApplication"."bootstrap" no se encuentra definida.' in /usr/share/yii-framework/framework/base/CComponent.php:130
Stack trace:
#0 /usr/share/yii-framework/framework/base/CModule.php(105): CComponent->__get('bootstrap')
#1 /home/lalviarez/Proyectos/SAAR/protected/views/layouts/main.php(18): CModule->__get('bootstrap')
#2 /usr/share/yii-framework/framework/web/CBaseController.php(126): require('/home/lalviarez...')
#3 /usr/share/yii-framework/framework/web/CBaseController.php(95): CBaseController->renderInternal('/home/lalviarez...', Array, true)
#4 /usr/share/yii-framework/framework/web/widgets/CContentDecorator.php(76): CBaseController->renderFile('/home/lalviarez...', Array, true)
#5 /usr/share/yii-framework/framework/web/widgets/CContentDecorator.php(54): CContentDecorator->decorate('<div id="conten...')
#6 /usr/share/yii-framework/framework/web/widgets/COutputProcessor.php(44): CContentDecorator->processOutput('<div id="conten...')
#7 /usr/share/yii-framework/framework/web/CBaseController.php(206): COutputProcessor->run()
#8 /usr/share/yii-framework/framework/web/CBaseController.php(300): CBaseController->endWidget('CContentDecorat...')
#9 /home/lalviarez/Proyectos/SAAR/protected/views/layouts/column1.php(6): CBaseController->endContent()
#10 /usr/share/yii-framework/framework/web/CBaseController.php(126): require('/home/lalviarez...')
#11 /usr/share/yii-framework/framework/web/CBaseController.php(95): CBaseController->renderInternal('/home/lalviarez...', Array, true)
#12 /usr/share/yii-framework/framework/web/CController.php(784): CBaseController->renderFile('/home/lalviarez...', Array, true)
#13 /home/lalviarez/Proyectos/SAAR/protected/controllers/SiteController.php(98): CController->render('login', Array)
#14 /usr/share/yii-framework/framework/web/actions/CInlineAction.php(49): SiteController->actionLogin()
#15 /usr/share/yii-framework/framework/web/CController.php(308): CInlineAction->runWithParams(Array)
#16 /usr/share/yii-framework/framework/web/CController.php(286): CController->runAction(Object(CInlineAction))
#17 /usr/share/yii-framework/framework/web/CController.php(265): CController->runActionWithFilters(Object(CInlineAction), Array)
#18 /usr/share/yii-framework/framework/web/CWebApplication.php(282): CController->run('login')
#19 /usr/share/yii-framework/framework/web/CWebApplication.php(141): CWebApplication->runController('')
#20 /usr/share/yii-framework/framework/base/CApplication.php(180): CWebApplication->processRequest()
#21 /home/lalviarez/Proyectos/SAAR/index.php(13): CApplication->run()
#22 {main}
REQUEST_URI=/saar/index.php
---
2013/11/13 08:22:43 [error] [exception.CException] exception 'CException' with message 'La propiedad "CWebApplication"."bootstrap" no se encuentra definida.' in /usr/share/yii-framework/framework/base/CComponent.php:130
Stack trace:
#0 /usr/share/yii-framework/framework/base/CModule.php(105): CComponent->__get('bootstrap')
#1 /home/lalviarez/Proyectos/SAAR/protected/views/layouts/main.php(18): CModule->__get('bootstrap')
#2 /usr/share/yii-framework/framework/web/CBaseController.php(126): require('/home/lalviarez...')
#3 /usr/share/yii-framework/framework/web/CBaseController.php(95): CBaseController->renderInternal('/home/lalviarez...', Array, true)
#4 /usr/share/yii-framework/framework/web/widgets/CContentDecorator.php(76): CBaseController->renderFile('/home/lalviarez...', Array, true)
#5 /usr/share/yii-framework/framework/web/widgets/CContentDecorator.php(54): CContentDecorator->decorate('<div id="conten...')
#6 /usr/share/yii-framework/framework/web/widgets/COutputProcessor.php(44): CContentDecorator->processOutput('<div id="conten...')
#7 /usr/share/yii-framework/framework/web/CBaseController.php(206): COutputProcessor->run()
#8 /usr/share/yii-framework/framework/web/CBaseController.php(300): CBaseController->endWidget('CContentDecorat...')
#9 /home/lalviarez/Proyectos/SAAR/protected/views/layouts/column1.php(6): CBaseController->endContent()
#10 /usr/share/yii-framework/framework/web/CBaseController.php(126): require('/home/lalviarez...')
#11 /usr/share/yii-framework/framework/web/CBaseController.php(95): CBaseController->renderInternal('/home/lalviarez...', Array, true)
#12 /usr/share/yii-framework/framework/web/CController.php(784): CBaseController->renderFile('/home/lalviarez...', Array, true)
#13 /home/lalviarez/Proyectos/SAAR/protected/controllers/SiteController.php(98): CController->render('login', Array)
#14 /usr/share/yii-framework/framework/web/actions/CInlineAction.php(49): SiteController->actionLogin()
#15 /usr/share/yii-framework/framework/web/CController.php(308): CInlineAction->runWithParams(Array)
#16 /usr/share/yii-framework/framework/web/CController.php(286): CController->runAction(Object(CInlineAction))
#17 /usr/share/yii-framework/framework/web/CController.php(265): CController->runActionWithFilters(Object(CInlineAction), Array)
#18 /usr/share/yii-framework/framework/web/CWebApplication.php(282): CController->run('login')
#19 /usr/share/yii-framework/framework/web/CWebApplication.php(141): CWebApplication->runController('')
#20 /usr/share/yii-framework/framework/base/CApplication.php(180): CWebApplication->processRequest()
#21 /home/lalviarez/Proyectos/SAAR/index.php(13): CApplication->run()
#22 {main}
REQUEST_URI=/saar/index.php
---
2013/11/13 08:22:45 [error] [exception.CException] exception 'CException' with message 'La propiedad "CWebApplication"."bootstrap" no se encuentra definida.' in /usr/share/yii-framework/framework/base/CComponent.php:130
Stack trace:
#0 /usr/share/yii-framework/framework/base/CModule.php(105): CComponent->__get('bootstrap')
#1 /home/lalviarez/Proyectos/SAAR/protected/views/layouts/main.php(18): CModule->__get('bootstrap')
#2 /usr/share/yii-framework/framework/web/CBaseController.php(126): require('/home/lalviarez...')
#3 /usr/share/yii-framework/framework/web/CBaseController.php(95): CBaseController->renderInternal('/home/lalviarez...', Array, true)
#4 /usr/share/yii-framework/framework/web/widgets/CContentDecorator.php(76): CBaseController->renderFile('/home/lalviarez...', Array, true)
#5 /usr/share/yii-framework/framework/web/widgets/CContentDecorator.php(54): CContentDecorator->decorate('<div id="conten...')
#6 /usr/share/yii-framework/framework/web/widgets/COutputProcessor.php(44): CContentDecorator->processOutput('<div id="conten...')
#7 /usr/share/yii-framework/framework/web/CBaseController.php(206): COutputProcessor->run()
#8 /usr/share/yii-framework/framework/web/CBaseController.php(300): CBaseController->endWidget('CContentDecorat...')
#9 /home/lalviarez/Proyectos/SAAR/protected/views/layouts/column1.php(6): CBaseController->endContent()
#10 /usr/share/yii-framework/framework/web/CBaseController.php(126): require('/home/lalviarez...')
#11 /usr/share/yii-framework/framework/web/CBaseController.php(95): CBaseController->renderInternal('/home/lalviarez...', Array, true)
#12 /usr/share/yii-framework/framework/web/CController.php(784): CBaseController->renderFile('/home/lalviarez...', Array, true)
#13 /home/lalviarez/Proyectos/SAAR/protected/controllers/SiteController.php(98): CController->render('login', Array)
#14 /usr/share/yii-framework/framework/web/actions/CInlineAction.php(49): SiteController->actionLogin()
#15 /usr/share/yii-framework/framework/web/CController.php(308): CInlineAction->runWithParams(Array)
#16 /usr/share/yii-framework/framework/web/CController.php(286): CController->runAction(Object(CInlineAction))
#17 /usr/share/yii-framework/framework/web/CController.php(265): CController->runActionWithFilters(Object(CInlineAction), Array)
#18 /usr/share/yii-framework/framework/web/CWebApplication.php(282): CController->run('login')
#19 /usr/share/yii-framework/framework/web/CWebApplication.php(141): CWebApplication->runController('')
#20 /usr/share/yii-framework/framework/base/CApplication.php(180): CWebApplication->processRequest()
#21 /home/lalviarez/Proyectos/SAAR/index.php(13): CApplication->run()
#22 {main}
REQUEST_URI=/saar/index.php
---
2013/11/13 08:24:56 [error] [exception.CException] exception 'CException' with message 'La propiedad "CWebApplication"."bootstrap" no se encuentra definida.' in /usr/share/yii-framework/framework/base/CComponent.php:130
Stack trace:
#0 /usr/share/yii-framework/framework/base/CModule.php(105): CComponent->__get('bootstrap')
#1 /home/lalviarez/Proyectos/SAAR/protected/views/layouts/main.php(18): CModule->__get('bootstrap')
#2 /usr/share/yii-framework/framework/web/CBaseController.php(126): require('/home/lalviarez...')
#3 /usr/share/yii-framework/framework/web/CBaseController.php(95): CBaseController->renderInternal('/home/lalviarez...', Array, true)
#4 /usr/share/yii-framework/framework/web/widgets/CContentDecorator.php(76): CBaseController->renderFile('/home/lalviarez...', Array, true)
#5 /usr/share/yii-framework/framework/web/widgets/CContentDecorator.php(54): CContentDecorator->decorate('<div id="conten...')
#6 /usr/share/yii-framework/framework/web/widgets/COutputProcessor.php(44): CContentDecorator->processOutput('<div id="conten...')
#7 /usr/share/yii-framework/framework/web/CBaseController.php(206): COutputProcessor->run()
#8 /usr/share/yii-framework/framework/web/CBaseController.php(300): CBaseController->endWidget('CContentDecorat...')
#9 /home/lalviarez/Proyectos/SAAR/protected/views/layouts/column1.php(6): CBaseController->endContent()
#10 /usr/share/yii-framework/framework/web/CBaseController.php(126): require('/home/lalviarez...')
#11 /usr/share/yii-framework/framework/web/CBaseController.php(95): CBaseController->renderInternal('/home/lalviarez...', Array, true)
#12 /usr/share/yii-framework/framework/web/CController.php(784): CBaseController->renderFile('/home/lalviarez...', Array, true)
#13 /home/lalviarez/Proyectos/SAAR/protected/controllers/SiteController.php(98): CController->render('login', Array)
#14 /usr/share/yii-framework/framework/web/actions/CInlineAction.php(49): SiteController->actionLogin()
#15 /usr/share/yii-framework/framework/web/CController.php(308): CInlineAction->runWithParams(Array)
#16 /usr/share/yii-framework/framework/web/CController.php(286): CController->runAction(Object(CInlineAction))
#17 /usr/share/yii-framework/framework/web/CController.php(265): CController->runActionWithFilters(Object(CInlineAction), Array)
#18 /usr/share/yii-framework/framework/web/CWebApplication.php(282): CController->run('login')
#19 /usr/share/yii-framework/framework/web/CWebApplication.php(141): CWebApplication->runController('')
#20 /usr/share/yii-framework/framework/base/CApplication.php(180): CWebApplication->processRequest()
#21 /home/lalviarez/Proyectos/SAAR/index.php(13): CApplication->run()
#22 {main}
REQUEST_URI=/saar/index.php
---
2013/11/13 08:24:58 [error] [exception.CException] exception 'CException' with message 'La propiedad "CWebApplication"."bootstrap" no se encuentra definida.' in /usr/share/yii-framework/framework/base/CComponent.php:130
Stack trace:
#0 /usr/share/yii-framework/framework/base/CModule.php(105): CComponent->__get('bootstrap')
#1 /home/lalviarez/Proyectos/SAAR/protected/views/layouts/main.php(18): CModule->__get('bootstrap')
#2 /usr/share/yii-framework/framework/web/CBaseController.php(126): require('/home/lalviarez...')
#3 /usr/share/yii-framework/framework/web/CBaseController.php(95): CBaseController->renderInternal('/home/lalviarez...', Array, true)
#4 /usr/share/yii-framework/framework/web/widgets/CContentDecorator.php(76): CBaseController->renderFile('/home/lalviarez...', Array, true)
#5 /usr/share/yii-framework/framework/web/widgets/CContentDecorator.php(54): CContentDecorator->decorate('<div id="conten...')
#6 /usr/share/yii-framework/framework/web/widgets/COutputProcessor.php(44): CContentDecorator->processOutput('<div id="conten...')
#7 /usr/share/yii-framework/framework/web/CBaseController.php(206): COutputProcessor->run()
#8 /usr/share/yii-framework/framework/web/CBaseController.php(300): CBaseController->endWidget('CContentDecorat...')
#9 /home/lalviarez/Proyectos/SAAR/protected/views/layouts/column1.php(6): CBaseController->endContent()
#10 /usr/share/yii-framework/framework/web/CBaseController.php(126): require('/home/lalviarez...')
#11 /usr/share/yii-framework/framework/web/CBaseController.php(95): CBaseController->renderInternal('/home/lalviarez...', Array, true)
#12 /usr/share/yii-framework/framework/web/CController.php(784): CBaseController->renderFile('/home/lalviarez...', Array, true)
#13 /home/lalviarez/Proyectos/SAAR/protected/controllers/SiteController.php(98): CController->render('login', Array)
#14 /usr/share/yii-framework/framework/web/actions/CInlineAction.php(49): SiteController->actionLogin()
#15 /usr/share/yii-framework/framework/web/CController.php(308): CInlineAction->runWithParams(Array)
#16 /usr/share/yii-framework/framework/web/CController.php(286): CController->runAction(Object(CInlineAction))
#17 /usr/share/yii-framework/framework/web/CController.php(265): CController->runActionWithFilters(Object(CInlineAction), Array)
#18 /usr/share/yii-framework/framework/web/CWebApplication.php(282): CController->run('login')
#19 /usr/share/yii-framework/framework/web/CWebApplication.php(141): CWebApplication->runController('')
#20 /usr/share/yii-framework/framework/base/CApplication.php(180): CWebApplication->processRequest()
#21 /home/lalviarez/Proyectos/SAAR/index.php(13): CApplication->run()
#22 {main}
REQUEST_URI=/saar/index.php
---
2013/11/13 08:24:59 [error] [exception.CException] exception 'CException' with message 'La propiedad "CWebApplication"."bootstrap" no se encuentra definida.' in /usr/share/yii-framework/framework/base/CComponent.php:130
Stack trace:
#0 /usr/share/yii-framework/framework/base/CModule.php(105): CComponent->__get('bootstrap')
#1 /home/lalviarez/Proyectos/SAAR/protected/views/layouts/main.php(18): CModule->__get('bootstrap')
#2 /usr/share/yii-framework/framework/web/CBaseController.php(126): require('/home/lalviarez...')
#3 /usr/share/yii-framework/framework/web/CBaseController.php(95): CBaseController->renderInternal('/home/lalviarez...', Array, true)
#4 /usr/share/yii-framework/framework/web/widgets/CContentDecorator.php(76): CBaseController->renderFile('/home/lalviarez...', Array, true)
#5 /usr/share/yii-framework/framework/web/widgets/CContentDecorator.php(54): CContentDecorator->decorate('<div id="conten...')
#6 /usr/share/yii-framework/framework/web/widgets/COutputProcessor.php(44): CContentDecorator->processOutput('<div id="conten...')
#7 /usr/share/yii-framework/framework/web/CBaseController.php(206): COutputProcessor->run()
#8 /usr/share/yii-framework/framework/web/CBaseController.php(300): CBaseController->endWidget('CContentDecorat...')
#9 /home/lalviarez/Proyectos/SAAR/protected/views/layouts/column1.php(6): CBaseController->endContent()
#10 /usr/share/yii-framework/framework/web/CBaseController.php(126): require('/home/lalviarez...')
#11 /usr/share/yii-framework/framework/web/CBaseController.php(95): CBaseController->renderInternal('/home/lalviarez...', Array, true)
#12 /usr/share/yii-framework/framework/web/CController.php(784): CBaseController->renderFile('/home/lalviarez...', Array, true)
#13 /home/lalviarez/Proyectos/SAAR/protected/controllers/SiteController.php(98): CController->render('login', Array)
#14 /usr/share/yii-framework/framework/web/actions/CInlineAction.php(49): SiteController->actionLogin()
#15 /usr/share/yii-framework/framework/web/CController.php(308): CInlineAction->runWithParams(Array)
#16 /usr/share/yii-framework/framework/web/CController.php(286): CController->runAction(Object(CInlineAction))
#17 /usr/share/yii-framework/framework/web/CController.php(265): CController->runActionWithFilters(Object(CInlineAction), Array)
#18 /usr/share/yii-framework/framework/web/CWebApplication.php(282): CController->run('login')
#19 /usr/share/yii-framework/framework/web/CWebApplication.php(141): CWebApplication->runController('')
#20 /usr/share/yii-framework/framework/base/CApplication.php(180): CWebApplication->processRequest()
#21 /home/lalviarez/Proyectos/SAAR/index.php(13): CApplication->run()
#22 {main}
REQUEST_URI=/saar/index.php
---
2013/11/13 10:11:39 [error] [php] Use of undefined constant bottom - assumed 'bottom' (/home/lalviarez/Proyectos/SAAR/protected/views/layouts/main.php:42)
Stack trace:
#0 /usr/share/yii-framework/framework/web/widgets/CContentDecorator.php(76): SiteController->renderFile()
#1 /usr/share/yii-framework/framework/web/widgets/CContentDecorator.php(54): CContentDecorator->decorate()
#2 /usr/share/yii-framework/framework/web/widgets/COutputProcessor.php(44): CContentDecorator->processOutput()
#3 /usr/share/yii-framework/framework/web/CBaseController.php(206): CContentDecorator->run()
#4 /usr/share/yii-framework/framework/web/CBaseController.php(300): SiteController->endWidget()
#5 /home/lalviarez/Proyectos/SAAR/protected/views/layouts/column1.php(6): SiteController->endContent()
#6 /usr/share/yii-framework/framework/web/CBaseController.php(126): require()
#7 /usr/share/yii-framework/framework/web/CBaseController.php(95): SiteController->renderInternal()
#8 /usr/share/yii-framework/framework/web/CController.php(784): SiteController->renderFile()
#9 /home/lalviarez/Proyectos/SAAR/protected/controllers/SiteController.php(32): SiteController->render()
#10 /usr/share/yii-framework/framework/web/actions/CInlineAction.php(49): SiteController->actionIndex()
#11 /usr/share/yii-framework/framework/web/CController.php(308): CInlineAction->runWithParams()
#12 /usr/share/yii-framework/framework/web/CController.php(286): SiteController->runAction()
#13 /usr/share/yii-framework/framework/web/CController.php(265): SiteController->runActionWithFilters()
#14 /usr/share/yii-framework/framework/web/CWebApplication.php(282): SiteController->run()
#15 /usr/share/yii-framework/framework/web/CWebApplication.php(141): CWebApplication->runController()
#16 /usr/share/yii-framework/framework/base/CApplication.php(180): CWebApplication->processRequest()
#17 /home/lalviarez/Proyectos/SAAR/index.php(13): CWebApplication->run()
REQUEST_URI=/saar/index.php?r=site/index
in /home/lalviarez/Proyectos/SAAR/protected/views/layouts/main.php (42)
in /home/lalviarez/Proyectos/SAAR/protected/views/layouts/column1.php (6)
in /home/lalviarez/Proyectos/SAAR/protected/controllers/SiteController.php (32)
